c:\users\mahi\documents\github\training_maheshkumar\m3_dsa_set3\airport_simulation\airport_simulation\debug\vc141.pdb
c:\users\mahi\documents\github\training_maheshkumar\m3_dsa_set3\airport_simulation\airport_simulation\debug\vc141.idb
c:\users\mahi\documents\github\training_maheshkumar\m3_dsa_set3\airport_simulation\airport_simulation\debug\aeroplane.obj
c:\users\mahi\documents\github\training_maheshkumar\m3_dsa_set3\airport_simulation\airport_simulation\debug\request.obj
c:\users\mahi\documents\github\training_maheshkumar\m3_dsa_set3\airport_simulation\airport_simulation\debug\airport.obj
c:\users\mahi\documents\github\training_maheshkumar\m3_dsa_set3\airport_simulation\airport_simulation\debug\application.obj
c:\users\mahi\documents\github\training_maheshkumar\m3_dsa_set3\airport_simulation\airport_simulation\debug\myqueue.obj
c:\users\mahi\documents\github\training_maheshkumar\m3_dsa_set3\airport_simulation\debug\airport_simulation.exe
c:\users\mahi\documents\github\training_maheshkumar\m3_dsa_set3\airport_simulation\debug\airport_simulation.ilk
c:\users\mahi\documents\github\training_maheshkumar\m3_dsa_set3\airport_simulation\debug\airport_simulation.pdb
c:\users\mahi\documents\github\training_maheshkumar\m3_dsa_set3\airport_simulation\airport_simulation\debug\airportdao.obj
c:\users\mahi\documents\github\training_maheshkumar\m3_dsa_set3\airport_simulation\airport_simulation\debug\requestdao.obj
c:\users\mahi\documents\github\training_maheshkumar\m3_dsa_set3\airport_simulation\airport_simulation\debug\vc120.idb
c:\users\mahi\documents\github\training_maheshkumar\m3_dsa_set3\airport_simulation\airport_simulation\debug\vc120.pdb
c:\users\mahi\documents\github\training_maheshkumar\m3_dsa_set3\airport_simulation\airport_simulation\debug\airport_.50bf158e.tlog\cl.command.1.tlog
c:\users\mahi\documents\github\training_maheshkumar\m3_dsa_set3\airport_simulation\airport_simulation\debug\airport_.50bf158e.tlog\cl.read.1.tlog
c:\users\mahi\documents\github\training_maheshkumar\m3_dsa_set3\airport_simulation\airport_simulation\debug\airport_.50bf158e.tlog\cl.write.1.tlog
c:\users\mahi\documents\github\training_maheshkumar\m3_dsa_set3\airport_simulation\airport_simulation\debug\airport_.50bf158e.tlog\link.command.1.tlog
c:\users\mahi\documents\github\training_maheshkumar\m3_dsa_set3\airport_simulation\airport_simulation\debug\airport_.50bf158e.tlog\link.delete.1.tlog
c:\users\mahi\documents\github\training_maheshkumar\m3_dsa_set3\airport_simulation\airport_simulation\debug\airport_.50bf158e.tlog\link.read.1.tlog
c:\users\mahi\documents\github\training_maheshkumar\m3_dsa_set3\airport_simulation\airport_simulation\debug\airport_.50bf158e.tlog\link.write.1.tlog
