Build started 12/18/2017 4:48:09 PM.
     1>Project "C:\Users\jayaraj-1\documents\visual studio 2013\Projects\Airport_Simulation\Airport_Simulation\Airport_Simulation.vcxproj" on node 2 (Build target(s)).
     1>ClCompile:
         C:\Program Files (x86)\Microsoft Visual Studio 12.0\VC\bin\CL.exe /c /ZI /nologo /W3 /WX- /sdl /Od /Oy- /D WIN32 /D _DEBUG /D _CONSOLE /D _LIB /D _UNICODE /D UNICODE /Gm /EHsc /RTC1 /MDd /GS /fp:precise /Zc:wchar_t /Zc:forScope /Fo"Debug\\" /Fd"Debug\vc120.pdb" /Gd /TP /analyze- /errorReport:prompt MyQueue.cpp RequestDAO.cpp
         RequestDAO.cpp
     1>c:\users\jayaraj-1\documents\visual studio 2013\projects\airport_simulation\airport_simulation\requestdao.cpp(198): warning C4244: '=' : conversion from 'double' to 'int', possible loss of data
     1>c:\users\jayaraj-1\documents\visual studio 2013\projects\airport_simulation\airport_simulation\requestdao.cpp(203): warning C4244: '=' : conversion from 'double' to 'int', possible loss of data
         MyQueue.cpp
         Generating Code...
     1>c:\users\jayaraj-1\documents\visual studio 2013\projects\airport_simulation\airport_simulation\myqueue.cpp(40): warning C4715: 'MyQueue::dequeue' : not all control paths return a value
     1>c:\users\jayaraj-1\documents\visual studio 2013\projects\airport_simulation\airport_simulation\requestdao.cpp(173): warning C4715: 'RequestDAO::endSimulation' : not all control paths return a value
       Link:
         C:\Program Files (x86)\Microsoft Visual Studio 12.0\VC\bin\link.exe /ERRORREPORT:PROMPT /OUT:"C:\Users\jayaraj-1\documents\visual studio 2013\Projects\Airport_Simulation\Debug\Airport_Simulation.exe" /INCREMENTAL /NOLOGO kernel32.lib user32.lib gdi32.lib winspool.lib comdlg32.lib advapi32.lib shell32.lib ole32.lib oleaut32.lib uuid.lib odbc32.lib odbccp32.lib /MANIFEST /MANIFESTUAC:"level='asInvoker' uiAccess='false'" /manifest:embed /DEBUG /PDB:"C:\Users\jayaraj-1\documents\visual studio 2013\Projects\Airport_Simulation\Debug\Airport_Simulation.pdb" /SUBSYSTEM:CONSOLE /TLBID:1 /DYNAMICBASE /NXCOMPAT /IMPLIB:"C:\Users\jayaraj-1\documents\visual studio 2013\Projects\Airport_Simulation\Debug\Airport_Simulation.lib" /MACHINE:X86 Debug\Aeroplane.obj
         Debug\Request.obj
         Debug\RequestDAO.obj
         Debug\Application.obj
         Debug\MyQueue.obj
         Airport_Simulation.vcxproj -> C:\Users\jayaraj-1\documents\visual studio 2013\Projects\Airport_Simulation\Debug\Airport_Simulation.exe
     1>Done Building Project "C:\Users\jayaraj-1\documents\visual studio 2013\Projects\Airport_Simulation\Airport_Simulation\Airport_Simulation.vcxproj" (Build target(s)).

Build succeeded.

Time Elapsed 00:00:01.70
